Start testing: Sep 20 23:02 PDT
----------------------------------------------------------
2/3 Testing: minimesh.subdiv
2/3 Test: minimesh.subdiv
Command: "/home/sghys/projects/CPSC524-modeling/build-dbg/src/minimesh/test/minimesh_tests" "--test-case=*subdiv*"
Directory: /home/sghys/projects/CPSC524-modeling
"minimesh.subdiv" start time: Sep 20 23:02 PDT
Output:
----------------------------------------------------------
[doctest] doctest version is "2.4.12"
[doctest] run with "--help" for options
===============================================================================
[doctest] test cases:  4 |  4 passed | 0 failed | 11 skipped
[doctest] assertions: 50 | 50 passed | 0 failed |
[doctest] Status: SUCCESS!
<end of output>
Test time =   0.90 sec
----------------------------------------------------------
Test Passed.
"minimesh.subdiv" end time: Sep 20 23:02 PDT
"minimesh.subdiv" time elapsed: 00:00:00
----------------------------------------------------------

End testing: Sep 20 23:02 PDT
