<?xml version="1.0" encoding="UTF-8"?>
<Site BuildName="Linux-c++"
	BuildStamp="20250921-0153-Experimental"
	Name="SimonG14"
	Generator="ctest-4.1.1"
	CompilerName="/usr/bin/c++"
	CompilerVersion="11.4.0"
	OSName="Linux"
	Hostname="SimonG14"
	OSRelease="6.6.87.2-microsoft-standard-WSL2"
	OSVersion="#1 SMP PREEMPT_DYNAMIC Thu Jun  5 18:30:46 UTC 2025"
	OSPlatform="x86_64"
	Is64Bits="1"
	VendorString="AuthenticAMD"
	VendorID="Advanced Micro Devices"
	FamilyID="25"
	ModelID="117"
	ModelName="AMD Ryzen 9 8945HS w/ Radeon 780M Graphics"
	ProcessorCacheSize="1024"
	NumberOfLogicalCPU="16"
	NumberOfPhysicalCPU="8"
	TotalVirtualMemory="2048"
	TotalPhysicalMemory="7582"
	LogicalProcessorsPerPhysical="2"
	ProcessorClockFrequency="3992.22"
	>
	<Testing>
		<StartDateTime>Sep 20 23:02 PDT</StartDateTime>
		<StartTestTime>1758434571</StartTestTime>
		<TestList>
			<Test>./minimesh.subdiv</Test>
		</TestList>
		<Test Status="passed">
			<Name>minimesh.subdiv</Name>
			<Path>.</Path>
			<FullName>./minimesh.subdiv</FullName>
			<FullCommandLine>/home/sghys/projects/CPSC524-modeling/build-dbg/src/minimesh/test/minimesh_tests "--test-case=*subdiv*"</FullCommandLine>
			<Results>
				<NamedMeasurement type="numeric/double" name="Execution Time">
					<Value>0.897698</Value>
				</NamedMeasurement>
				<NamedMeasurement type="numeric/double" name="Processors">
					<Value>1</Value>
				</NamedMeasurement>
				<NamedMeasurement type="text/string" name="Completion Status">
					<Value>Completed</Value>
				</NamedMeasurement>
				<NamedMeasurement type="text/string" name="Command Line">
					<Value>/home/sghys/projects/CPSC524-modeling/build-dbg/src/minimesh/test/minimesh_tests "--test-case=*subdiv*"</Value>
				</NamedMeasurement>
				<NamedMeasurement type="text/string" name="Environment">
					<Value>#CTEST_RESOURCE_GROUP_COUNT=</Value>
				</NamedMeasurement>
				<Measurement>
					<Value encoding="base64" compression="gzip">eJytjrEKgzAURfd8xW12xYhdhE7SLwhO0iGYiKFiQl5sl358o5SSoWPfcLnDObw7aDdGQ/GGT8HDBLJuhSXwumxKUXM2fKmwrXjaOIMXxWwWzzG5AOdjUohd/nvZ32PaqMhQCzR47eEVkdGpV5iUXY4qBOhuvTc6k3cuHAtbnKtEpfghZ4aMKm6Jln3XXaU8sTdsMFq+====</Value>
				</Measurement>
			</Results>
		</Test>
		<EndDateTime>Sep 20 23:02 PDT</EndDateTime>
		<EndTestTime>1758434571</EndTestTime>
		<ElapsedMinutes>0</ElapsedMinutes>
	</Testing>
</Site>
